<?xml version="1.0" encoding="UTF-8"?>
<!-- Generated by org.testng.reporters.JUnitXMLReporter -->
<testsuite hostname="ZoyloLTP003" name="Default test" tests="5" failures="0" timestamp="16 Mar 2017 09:24:46 GMT" time="164.36" errors="0">
  <testcase name="ValidateDoctorEnrollment" time="37.604" classname="doctorsTestScripts.Appointment_JiraID_ValidateDoctorEnrollment"/>
  <testcase name="ValidateDoctorEnrollment" time="28.264" classname="doctorsTestScripts.Appointment_JiraID_ValidateDoctorEnrollment"/>
  <testcase name="ValidateDoctorEnrollment" time="24.802" classname="doctorsTestScripts.Appointment_JiraID_ValidateDoctorEnrollment"/>
  <testcase name="ValidateDoctorEnrollment" time="25.69" classname="doctorsTestScripts.Appointment_JiraID_ValidateDoctorEnrollment"/>
  <testcase name="ValidateDoctorEnrollment" time="24.83" classname="doctorsTestScripts.Appointment_JiraID_ValidateDoctorEnrollment"/>
</testsuite> <!-- Default test -->
