<?xml version="1.0" encoding="UTF-8"?>
<testng-results skipped="0" failed="0" total="1" passed="1">
  <reporter-output>
  </reporter-output>
  <suite name="Default suite" duration-ms="29755" started-at="2017-03-22T08:31:29Z" finished-at="2017-03-22T08:31:59Z">
    <groups>
    </groups>
    <test name="Default test" duration-ms="29755" started-at="2017-03-22T08:31:29Z" finished-at="2017-03-22T08:31:59Z">
      <class name="doctorsTestScripts.Schedule_ZOY899_Dcotor">
        <test-method status="PASS" signature="beforeTest()[pri:0, instance:doctorsTestScripts.Schedule_ZOY899_Dcotor@55f3ddb1]" name="beforeTest" is-config="true" duration-ms="18001" started-at="2017-03-22T14:01:29Z" finished-at="2017-03-22T14:01:47Z">
          <reporter-output>
          </reporter-output>
        </test-method> <!-- beforeTest -->
        <test-method status="PASS" signature="f()[pri:0, instance:doctorsTestScripts.Schedule_ZOY899_Dcotor@55f3ddb1]" name="f" duration-ms="11435" started-at="2017-03-22T14:01:47Z" finished-at="2017-03-22T14:01:59Z">
          <reporter-output>
          </reporter-output>
        </test-method> <!-- f -->
        <test-method status="PASS" signature="afterTest()[pri:0, instance:doctorsTestScripts.Schedule_ZOY899_Dcotor@55f3ddb1]" name="afterTest" is-config="true" duration-ms="288" started-at="2017-03-22T14:01:59Z" finished-at="2017-03-22T14:01:59Z">
          <reporter-output>
          </reporter-output>
        </test-method> <!-- afterTest -->
      </class> <!-- doctorsTestScripts.Schedule_ZOY899_Dcotor -->
    </test> <!-- Default test -->
  </suite> <!-- Default suite -->
</testng-results>
